{
  "RSpec": {
    "coverage": {
      "/home/patrickbarreto/workspace/loja_api/app/controllers/product_controller.rb": [
        1,
        1,
        null,
        1,
        6,
        6,
        null,
        null,
        1,
        6,
        6,
        null,
        null,
        1,
        9,
        9,
        null,
        null,
        1,
        8,
        8,
        null,
        null,
        1,
        null,
        1,
        15,
        null,
        null,
        1,
        6,
        null,
        null,
        1,
        23,
        10,
        null,
        13,
        null,
        null,
        null,
        1,
        6,
        2,
        null,
        4,
        null,
        null,
        null
      ],
      "/home/patrickbarreto/workspace/loja_api/app/controllers/application_controller.rb": [
        1,
        1,
        null,
        null
      ],
      "/home/patrickbarreto/workspace/loja_api/app/controllers/stock_item_controller.rb": [
        1,
        1,
        null,
        1,
        6,
        6,
        null,
        null,
        1,
        6,
        6,
        null,
        null,
        1,
        8,
        8,
        null,
        null,
        1,
        11,
        11,
        null,
        null,
        1,
        8,
        8,
        null,
        null,
        1,
        null,
        1,
        25,
        null,
        null,
        1,
        6,
        null,
        null,
        1,
        33,
        12,
        null,
        21,
        null,
        null,
        null,
        1,
        6,
        2,
        null,
        4,
        null,
        null,
        null
      ],
      "/home/patrickbarreto/workspace/loja_api/app/controllers/store_controller.rb": [
        1,
        1,
        null,
        1,
        6,
        6,
        null,
        null,
        1,
        6,
        6,
        null,
        null,
        1,
        9,
        9,
        null,
        null,
        1,
        8,
        8,
        null,
        null,
        1,
        null,
        1,
        15,
        null,
        null,
        1,
        6,
        null,
        null,
        1,
        23,
        10,
        null,
        13,
        null,
        null,
        null,
        1,
        6,
        2,
        null,
        4,
        null,
        null,
        null
      ],
      "/home/patrickbarreto/workspace/loja_api/app/models/product.rb": [
        1,
        1,
        1,
        null,
        1,
        5,
        5,
        null,
        null
      ],
      "/home/patrickbarreto/workspace/loja_api/app/models/application_record.rb": [
        1,
        1,
        null
      ],
      "/home/patrickbarreto/workspace/loja_api/app/models/stock_item.rb": [
        1,
        1,
        1,
        null,
        1,
        1,
        null,
        1,
        5,
        5,
        null,
        null
      ],
      "/home/patrickbarreto/workspace/loja_api/app/models/store.rb": [
        1,
        1,
        1,
        null,
        1,
        5,
        5,
        null,
        null
      ],
      "/home/patrickbarreto/workspace/loja_api/app/services/product_service.rb": [
        1,
        1,
        7,
        7,
        7,
        null,
        null,
        null,
        1,
        7,
        5,
        5,
        3,
        null,
        null,
        1,
        11,
        11,
        11,
        10,
        10,
        8,
        5,
        null,
        null,
        null,
        1,
        10,
        10,
        10,
        6,
        6,
        4,
        null,
        null,
        null
      ],
      "/home/patrickbarreto/workspace/loja_api/app/services/application_service.rb": [
        1,
        1,
        97,
        97,
        null,
        42,
        null,
        15,
        null,
        0,
        null,
        null,
        1,
        null,
        1,
        97,
        22,
        null,
        null
      ],
      "/home/patrickbarreto/workspace/loja_api/app/services/store_service.rb": [
        1,
        1,
        7,
        7,
        7,
        null,
        null,
        null,
        1,
        7,
        5,
        5,
        3,
        null,
        null,
        1,
        11,
        11,
        11,
        10,
        10,
        8,
        5,
        null,
        null,
        null,
        1,
        10,
        10,
        10,
        6,
        6,
        4,
        null,
        null,
        null
      ],
      "/home/patrickbarreto/workspace/loja_api/app/services/stock_item_service.rb": [
        1,
        1,
        7,
        7,
        7,
        null,
        null,
        null,
        1,
        7,
        5,
        5,
        3,
        null,
        null,
        1,
        10,
        10,
        10,
        6,
        6,
        4,
        4,
        4,
        null,
        null,
        null,
        1,
        14,
        14,
        14,
        6,
        6,
        4,
        4,
        4,
        null,
        null,
        null,
        1,
        10,
        10,
        10,
        6,
        6,
        4,
        null,
        null,
        null,
        1,
        null,
        1,
        22,
        null,
        0,
        null,
        null
      ],
      "/home/patrickbarreto/workspace/loja_api/app/channels/application_cable/channel.rb": [
        0,
        0,
        0,
        0
      ],
      "/home/patrickbarreto/workspace/loja_api/app/channels/application_cable/connection.rb": [
        0,
        0,
        0,
        0
      ],
      "/home/patrickbarreto/workspace/loja_api/app/jobs/application_job.rb": [
        0,
        0
      ],
      "/home/patrickbarreto/workspace/loja_api/app/mailers/application_mailer.rb": [
        0,
        0,
        0,
        0
      ]
    },
    "timestamp": 1593661787
  }
}
