{
  "RSpec": {
    "coverage": {
      "/home/patrickbarreto/workspace/loja_api/app/models/stock_item.rb": [
        1,
        1,
        1,
        null,
        1,
        1,
        null,
        1,
        1,
        1,
        null,
        null
      ],
      "/home/patrickbarreto/workspace/loja_api/app/models/application_record.rb": [
        1,
        1,
        null
      ],
      "/home/patrickbarreto/workspace/loja_api/app/models/product.rb": [
        1,
        1,
        1,
        null,
        1,
        0,
        0,
        null,
        null
      ],
      "/home/patrickbarreto/workspace/loja_api/app/models/store.rb": [
        1,
        1,
        1,
        null,
        1,
        0,
        0,
        null,
        null
      ],
      "/home/patrickbarreto/workspace/loja_api/app/channels/application_cable/channel.rb": [
        0,
        0,
        0,
        0
      ],
      "/home/patrickbarreto/workspace/loja_api/app/channels/application_cable/connection.rb": [
        0,
        0,
        0,
        0
      ],
      "/home/patrickbarreto/workspace/loja_api/app/jobs/application_job.rb": [
        0,
        0
      ],
      "/home/patrickbarreto/workspace/loja_api/app/controllers/application_controller.rb": [
        0,
        0,
        0,
        0
      ],
      "/home/patrickbarreto/workspace/loja_api/app/controllers/product_controller.rb": [
        0,
        0,
        0,
        0,
        0,
        0,
        0,
        0,
        0,
        0,
        0,
        0,
        0,
        0,
        0,
        0,
        0,
        0,
        0,
        0,
        0,
        0,
        0,
        0,
        0,
        0,
        0,
        0,
        0,
        0,
        0,
        0,
        0,
        0,
        0,
        0,
        0,
        0,
        0,
        0,
        0,
        0,
        0,
        0,
        0,
        0,
        0,
        0,
        0
      ],
      "/home/patrickbarreto/workspace/loja_api/app/controllers/stock_item_controller.rb": [
        0,
        0,
        0,
        0,
        0,
        0,
        0,
        0,
        0,
        0,
        0,
        0,
        0,
        0,
        0,
        0,
        0,
        0,
        0,
        0,
        0,
        0,
        0,
        0,
        0,
        0,
        0,
        0,
        0,
        0,
        0,
        0,
        0,
        0,
        0,
        0,
        0,
        0,
        0,
        0,
        0,
        0,
        0,
        0,
        0,
        0,
        0,
        0,
        0,
        0,
        0,
        0,
        0,
        0
      ],
      "/home/patrickbarreto/workspace/loja_api/app/controllers/store_controller.rb": [
        0,
        0,
        0,
        0,
        0,
        0,
        0,
        0,
        0,
        0,
        0,
        0,
        0,
        0,
        0,
        0,
        0,
        0,
        0,
        0,
        0,
        0,
        0,
        0,
        0,
        0,
        0,
        0,
        0,
        0,
        0,
        0,
        0,
        0,
        0,
        0,
        0,
        0,
        0,
        0,
        0,
        0,
        0,
        0,
        0,
        0,
        0,
        0,
        0
      ],
      "/home/patrickbarreto/workspace/loja_api/app/services/application_service.rb": [
        0,
        0,
        0,
        0,
        0,
        0,
        0,
        0,
        0,
        0,
        0,
        0
      ],
      "/home/patrickbarreto/workspace/loja_api/app/services/product_service.rb": [
        0,
        0,
        0,
        0,
        0,
        0,
        0,
        0,
        0,
        0,
        0,
        0,
        0,
        0,
        0,
        0,
        0,
        0,
        0,
        0,
        0,
        0,
        0,
        0,
        0,
        0,
        0,
        0,
        0,
        0,
        0,
        0,
        0,
        0,
        0,
        0,
        0,
        0,
        0,
        0,
        0,
        0,
        0,
        0,
        0
      ],
      "/home/patrickbarreto/workspace/loja_api/app/services/stock_item_service.rb": [
        0,
        0,
        0,
        0,
        0,
        0,
        0,
        0,
        0,
        0,
        0,
        0,
        0,
        0,
        0,
        0,
        0,
        0,
        0,
        0,
        0,
        0,
        0,
        0,
        0,
        0,
        0,
        0,
        0,
        0,
        0,
        0,
        0,
        0,
        0,
        0,
        0,
        0,
        0,
        0,
        0,
        0,
        0,
        0,
        0,
        0,
        0,
        0,
        0,
        0,
        0,
        0,
        0,
        0,
        0,
        0,
        0,
        0,
        0,
        0,
        0,
        0,
        0,
        0,
        0,
        0,
        0
      ],
      "/home/patrickbarreto/workspace/loja_api/app/services/store_service.rb": [
        0,
        0,
        0,
        0,
        0,
        0,
        0,
        0,
        0,
        0,
        0,
        0,
        0,
        0,
        0,
        0,
        0,
        0,
        0,
        0,
        0,
        0,
        0,
        0,
        0,
        0,
        0,
        0,
        0,
        0,
        0,
        0,
        0,
        0,
        0,
        0,
        0,
        0,
        0,
        0,
        0,
        0,
        0,
        0,
        0
      ],
      "/home/patrickbarreto/workspace/loja_api/app/mailers/application_mailer.rb": [
        0,
        0,
        0,
        0
      ]
    },
    "timestamp": 1593618734
  }
}
